<?xml version="1.0" encoding="UTF-8"?>
<!-- Generated by org.testng.reporters.JUnitXMLReporter -->
<testsuite hostname="DESKTOP-ID9MJDP" ignored="2" name="SmokeTest" tests="4" failures="0" timestamp="03 Jul 2017 18:43:30 GMT" time="97.237" errors="0">
  <testcase name="clickSearchResultTest" time="38.751" classname="com.wbl.SearchResultsPageTest"/>
  <testcase name="headerNavLinksTest" time="0.03" classname="com.wbl.HomePageTest"/>
  <testcase name="searchTest" time="6.852" classname="com.wbl.HomePageTest"/>
  <testcase name="sliderImagesTest" time="0.05" classname="com.wbl.HomePageTest"/>
  <testcase name="@BeforeSuite beforeSuite" time="0.0" classname="com.wbl.base.BaseTest">
    <ignored/>
  </testcase> <!-- @BeforeSuite beforeSuite -->
  <testcase name="@BeforeTest beforeTest" time="0.0" classname="com.wbl.base.BaseTest">
    <ignored/>
  </testcase> <!-- @BeforeTest beforeTest -->
</testsuite> <!-- SmokeTest -->
