<?xml version="1.0" encoding="UTF-8"?>
<!-- Generated by org.testng.reporters.JUnitXMLReporter -->
<testsuite hostname="DESKTOP-ID9MJDP" ignored="1" name="Test" tests="3" failures="0" timestamp="06 Jul 2017 19:10:26 GMT" time="1.003" errors="0">
  <testcase name="testApi" time="0.605" classname="com.wbl.restapi.TwitterGetTest"/>
  <testcase name="testApi2" time="0.128" classname="com.wbl.restapi.TwitterGetTest"/>
  <testcase name="apiTest" time="0.232" classname="com.wbl.restapi.TwitterPostTest"/>
  <testcase name="@BeforeSuite beforeSuite" time="0.0" classname="com.wbl.base.HttpBaseApi">
    <ignored/>
  </testcase> <!-- @BeforeSuite beforeSuite -->
</testsuite> <!-- Test -->
