<?xml version="1.0" encoding="UTF-8"?>
<!-- Generated by org.testng.reporters.JUnitXMLReporter -->
<testsuite hostname="DESKTOP-ID9MJDP" ignored="2" name="Default test" tests="2" failures="0" timestamp="03 Jul 2017 19:30:25 GMT" time="34.407" errors="0">
  <testcase name="searchTest" time="4.53" classname="com.wbl.HomePageTest"/>
  <testcase name="searchTest" time="4.172" classname="com.wbl.HomePageTest"/>
  <testcase name="sliderImagesTest" time="0.0" classname="com.wbl.HomePageTest">
    <ignored/>
  </testcase> <!-- sliderImagesTest -->
  <testcase name="headerNavLinksTest" time="0.0" classname="com.wbl.HomePageTest">
    <ignored/>
  </testcase> <!-- headerNavLinksTest -->
</testsuite> <!-- Default test -->
