<?xml version="1.0" encoding="UTF-8"?>
<testng-results skipped="0" failed="0" ignored="0" total="1" passed="1">
  <reporter-output>
  </reporter-output>
  <suite name="Default suite" duration-ms="18393" started-at="2017-06-28T19:13:36Z" finished-at="2017-06-28T19:13:55Z">
    <groups>
    </groups>
    <test name="Default test" duration-ms="18393" started-at="2017-06-28T19:13:36Z" finished-at="2017-06-28T19:13:55Z">
      <class name="com.wbl.HomePageTest">
        <test-method status="PASS" signature="beforeClass()[pri:0, instance:com.wbl.HomePageTest@167c1fc]" name="beforeClass" is-config="true" duration-ms="15036" started-at="2017-06-28T12:13:36Z" finished-at="2017-06-28T12:13:51Z">
          <reporter-output>
          </reporter-output>
        </test-method> <!-- beforeClass -->
        <test-method status="PASS" signature="searchTest()[pri:0, instance:com.wbl.HomePageTest@167c1fc]" name="searchTest" duration-ms="3339" started-at="2017-06-28T12:13:51Z" finished-at="2017-06-28T12:13:55Z">
          <reporter-output>
          </reporter-output>
        </test-method> <!-- searchTest -->
      </class> <!-- com.wbl.HomePageTest -->
    </test> <!-- Default test -->
  </suite> <!-- Default suite -->
</testng-results>
