<?xml version="1.0" encoding="UTF-8"?>
<testng-results skipped="0" failed="0" ignored="0" total="2" passed="2">
  <reporter-output>
  </reporter-output>
  <suite name="Suite" duration-ms="9223" started-at="2017-07-13T00:24:20Z" finished-at="2017-07-13T00:24:29Z">
    <groups>
    </groups>
    <test name="Test" duration-ms="9223" started-at="2017-07-13T00:24:20Z" finished-at="2017-07-13T00:24:29Z">
      <class name="com.wbl.SeleniumGrid_Node2">
        <test-method status="PASS" signature="gridTest()[pri:0, instance:com.wbl.SeleniumGrid_Node2@1f7cd29]" name="gridTest" duration-ms="9131" started-at="2017-07-12T17:24:20Z" finished-at="2017-07-12T17:24:29Z">
          <reporter-output>
          </reporter-output>
        </test-method> <!-- gridTest -->
      </class> <!-- com.wbl.SeleniumGrid_Node2 -->
      <class name="com.wbl.SeleniumGrid_Node1">
        <test-method status="PASS" signature="gridTest()[pri:0, instance:com.wbl.SeleniumGrid_Node1@d18979]" name="gridTest" duration-ms="9186" started-at="2017-07-12T17:24:20Z" finished-at="2017-07-12T17:24:29Z">
          <reporter-output>
          </reporter-output>
        </test-method> <!-- gridTest -->
      </class> <!-- com.wbl.SeleniumGrid_Node1 -->
    </test> <!-- Test -->
  </suite> <!-- Suite -->
</testng-results>
