<?xml version="1.0" encoding="UTF-8"?>
<testng-results skipped="0" failed="0" ignored="0" total="1" passed="1">
  <reporter-output>
  </reporter-output>
  <suite name="Default suite" duration-ms="847" started-at="2017-07-06T00:22:43Z" finished-at="2017-07-06T00:22:43Z">
    <groups>
    </groups>
    <test name="Default test" duration-ms="847" started-at="2017-07-06T00:22:43Z" finished-at="2017-07-06T00:22:43Z">
      <class name="com.wbl.FirstApiTest">
        <test-method status="PASS" signature="testApi()[pri:0, instance:com.wbl.FirstApiTest@18ad742]" name="testApi" duration-ms="797" started-at="2017-07-05T17:22:43Z" finished-at="2017-07-05T17:22:43Z">
          <reporter-output>
          </reporter-output>
        </test-method> <!-- testApi -->
      </class> <!-- com.wbl.FirstApiTest -->
    </test> <!-- Default test -->
  </suite> <!-- Default suite -->
</testng-results>
